
> sahm-whatsapp-gateway@1.0.0 start
> node index.mjs

[01:03:01] صفحة الحالة: http://localhost:8899
Failed to decrypt message with any known session...
Session error:Error: Bad MAC Error: Bad MAC
    at Object.verifyMAC (/Users/mohsakher/sahm-local/gateway/node_modules/libsignal/src/crypto.js:87:15)
    at SessionCipher.doDecryptWhisperMessage (/Users/mohsakher/sahm-local/gateway/node_modules/libsignal/src/session_cipher.js:250:16)
    at async SessionCipher.decryptWithSessions (/Users/mohsakher/sahm-local/gateway/node_modules/libsignal/src/session_cipher.js:147:29)
    at async 221177964441834.81 [as awaitable] (/Users/mohsakher/sahm-local/gateway/node_modules/libsignal/src/session_cipher.js:171:28)
    at async _asyncQueueExecutor (/Users/mohsakher/sahm-local/gateway/node_modules/libsignal/src/queue_job.js:20:29)
Session error:Error: Bad MAC Error: Bad MAC
    at Object.verifyMAC (/Users/mohsakher/sahm-local/gateway/node_modules/libsignal/src/crypto.js:87:15)
    at SessionCipher.doDecryptWhisperMessage (/Users/mohsakher/sahm-local/gateway/node_modules/libsignal/src/session_cipher.js:250:16)
    at async SessionCipher.decryptWithSessions (/Users/mohsakher/sahm-local/gateway/node_modules/libsignal/src/session_cipher.js:147:29)
    at async 221177964441834.81 [as awaitable] (/Users/mohsakher/sahm-local/gateway/node_modules/libsignal/src/session_cipher.js:171:28)
    at async _asyncQueueExecutor (/Users/mohsakher/sahm-local/gateway/node_modules/libsignal/src/queue_job.js:20:29)
Session error:MessageCounterError: Key used already or never filled MessageCounterError: Key used already or never filled
    at SessionCipher.doDecryptWhisperMessage (/Users/mohsakher/sahm-local/gateway/node_modules/libsignal/src/session_cipher.js:236:19)
    at SessionCipher.decryptWithSessions (/Users/mohsakher/sahm-local/gateway/node_modules/libsignal/src/session_cipher.js:147:40)
    at async 221177964441834.81 [as awaitable] (/Users/mohsakher/sahm-local/gateway/node_modules/libsignal/src/session_cipher.js:171:28)
    at async _asyncQueueExecutor (/Users/mohsakher/sahm-local/gateway/node_modules/libsignal/src/queue_job.js:20:29)
Session error:Error: Bad MAC Error: Bad MAC
    at Object.verifyMAC (/Users/mohsakher/sahm-local/gateway/node_modules/libsignal/src/crypto.js:87:15)
    at SessionCipher.doDecryptWhisperMessage (/Users/mohsakher/sahm-local/gateway/node_modules/libsignal/src/session_cipher.js:250:16)
    at async SessionCipher.decryptWithSessions (/Users/mohsakher/sahm-local/gateway/node_modules/libsignal/src/session_cipher.js:147:29)
    at async 221177964441834.81 [as awaitable] (/Users/mohsakher/sahm-local/gateway/node_modules/libsignal/src/session_cipher.js:171:28)
    at async _asyncQueueExecutor (/Users/mohsakher/sahm-local/gateway/node_modules/libsignal/src/queue_job.js:20:29)
Session error:Error: Bad MAC Error: Bad MAC
    at Object.verifyMAC (/Users/mohsakher/sahm-local/gateway/node_modules/libsignal/src/crypto.js:87:15)
    at SessionCipher.doDecryptWhisperMessage (/Users/mohsakher/sahm-local/gateway/node_modules/libsignal/src/session_cipher.js:250:16)
    at async SessionCipher.decryptWithSessions (/Users/mohsakher/sahm-local/gateway/node_modules/libsignal/src/session_cipher.js:147:29)
    at async 221177964441834.81 [as awaitable] (/Users/mohsakher/sahm-local/gateway/node_modules/libsignal/src/session_cipher.js:171:28)
    at async _asyncQueueExecutor (/Users/mohsakher/sahm-local/gateway/node_modules/libsignal/src/queue_job.js:20:29)
Session error:Error: Bad MAC Error: Bad MAC
    at Object.verifyMAC (/Users/mohsakher/sahm-local/gateway/node_modules/libsignal/src/crypto.js:87:15)
    at SessionCipher.doDecryptWhisperMessage (/Users/mohsakher/sahm-local/gateway/node_modules/libsignal/src/session_cipher.js:250:16)
    at async SessionCipher.decryptWithSessions (/Users/mohsakher/sahm-local/gateway/node_modules/libsignal/src/session_cipher.js:147:29)
    at async 221177964441834.81 [as awaitable] (/Users/mohsakher/sahm-local/gateway/node_modules/libsignal/src/session_cipher.js:171:28)
    at async _asyncQueueExecutor (/Users/mohsakher/sahm-local/gateway/node_modules/libsignal/src/queue_job.js:20:29)
[01:03:03] ✅ متصل بواتساب: 966559653465@s.whatsapp.net (lid: 221177964441834@lid)
Failed to decrypt message with any known session...
Session error:Error: Bad MAC Error: Bad MAC
    at Object.verifyMAC (/Users/mohsakher/sahm-local/gateway/node_modules/libsignal/src/crypto.js:87:15)
    at SessionCipher.doDecryptWhisperMessage (/Users/mohsakher/sahm-local/gateway/node_modules/libsignal/src/session_cipher.js:250:16)
    at async SessionCipher.decryptWithSessions (/Users/mohsakher/sahm-local/gateway/node_modules/libsignal/src/session_cipher.js:147:29)
    at async 221177964441834.0 [as awaitable] (/Users/mohsakher/sahm-local/gateway/node_modules/libsignal/src/session_cipher.js:171:28)
    at async _asyncQueueExecutor (/Users/mohsakher/sahm-local/gateway/node_modules/libsignal/src/queue_job.js:20:29)
Session error:Error: Bad MAC Error: Bad MAC
    at Object.verifyMAC (/Users/mohsakher/sahm-local/gateway/node_modules/libsignal/src/crypto.js:87:15)
    at SessionCipher.doDecryptWhisperMessage (/Users/mohsakher/sahm-local/gateway/node_modules/libsignal/src/session_cipher.js:250:16)
    at async SessionCipher.decryptWithSessions (/Users/mohsakher/sahm-local/gateway/node_modules/libsignal/src/session_cipher.js:147:29)
    at async 221177964441834.0 [as awaitable] (/Users/mohsakher/sahm-local/gateway/node_modules/libsignal/src/session_cipher.js:171:28)
    at async _asyncQueueExecutor (/Users/mohsakher/sahm-local/gateway/node_modules/libsignal/src/queue_job.js:20:29)
Session error:Error: Bad MAC Error: Bad MAC
    at Object.verifyMAC (/Users/mohsakher/sahm-local/gateway/node_modules/libsignal/src/crypto.js:87:15)
    at SessionCipher.doDecryptWhisperMessage (/Users/mohsakher/sahm-local/gateway/node_modules/libsignal/src/session_cipher.js:250:16)
    at async SessionCipher.decryptWithSessions (/Users/mohsakher/sahm-local/gateway/node_modules/libsignal/src/session_cipher.js:147:29)
    at async 221177964441834.0 [as awaitable] (/Users/mohsakher/sahm-local/gateway/node_modules/libsignal/src/session_cipher.js:171:28)
    at async _asyncQueueExecutor (/Users/mohsakher/sahm-local/gateway/node_modules/libsignal/src/queue_job.js:20:29)
Session error:Error: Bad MAC Error: Bad MAC
    at Object.verifyMAC (/Users/mohsakher/sahm-local/gateway/node_modules/libsignal/src/crypto.js:87:15)
    at SessionCipher.doDecryptWhisperMessage (/Users/mohsakher/sahm-local/gateway/node_modules/libsignal/src/session_cipher.js:250:16)
    at async SessionCipher.decryptWithSessions (/Users/mohsakher/sahm-local/gateway/node_modules/libsignal/src/session_cipher.js:147:29)
    at async 221177964441834.0 [as awaitable] (/Users/mohsakher/sahm-local/gateway/node_modules/libsignal/src/session_cipher.js:171:28)
    at async _asyncQueueExecutor (/Users/mohsakher/sahm-local/gateway/node_modules/libsignal/src/queue_job.js:20:29)
Session error:Error: Bad MAC Error: Bad MAC
    at Object.verifyMAC (/Users/mohsakher/sahm-local/gateway/node_modules/libsignal/src/crypto.js:87:15)
    at SessionCipher.doDecryptWhisperMessage (/Users/mohsakher/sahm-local/gateway/node_modules/libsignal/src/session_cipher.js:250:16)
    at async SessionCipher.decryptWithSessions (/Users/mohsakher/sahm-local/gateway/node_modules/libsignal/src/session_cipher.js:147:29)
    at async 221177964441834.0 [as awaitable] (/Users/mohsakher/sahm-local/gateway/node_modules/libsignal/src/session_cipher.js:171:28)
    at async _asyncQueueExecutor (/Users/mohsakher/sahm-local/gateway/node_modules/libsignal/src/queue_job.js:20:29)
Session error:Error: Bad MAC Error: Bad MAC
    at Object.verifyMAC (/Users/mohsakher/sahm-local/gateway/node_modules/libsignal/src/crypto.js:87:15)
    at SessionCipher.doDecryptWhisperMessage (/Users/mohsakher/sahm-local/gateway/node_modules/libsignal/src/session_cipher.js:250:16)
    at async SessionCipher.decryptWithSessions (/Users/mohsakher/sahm-local/gateway/node_modules/libsignal/src/session_cipher.js:147:29)
    at async 221177964441834.0 [as awaitable] (/Users/mohsakher/sahm-local/gateway/node_modules/libsignal/src/session_cipher.js:171:28)
    at async _asyncQueueExecutor (/Users/mohsakher/sahm-local/gateway/node_modules/libsignal/src/queue_job.js:20:29)
Session error:Error: Bad MAC Error: Bad MAC
    at Object.verifyMAC (/Users/mohsakher/sahm-local/gateway/node_modules/libsignal/src/crypto.js:87:15)
    at SessionCipher.doDecryptWhisperMessage (/Users/mohsakher/sahm-local/gateway/node_modules/libsignal/src/session_cipher.js:250:16)
    at async SessionCipher.decryptWithSessions (/Users/mohsakher/sahm-local/gateway/node_modules/libsignal/src/session_cipher.js:147:29)
    at async 221177964441834.0 [as awaitable] (/Users/mohsakher/sahm-local/gateway/node_modules/libsignal/src/session_cipher.js:171:28)
    at async _asyncQueueExecutor (/Users/mohsakher/sahm-local/gateway/node_modules/libsignal/src/queue_job.js:20:29)
Session error:Error: Bad MAC Error: Bad MAC
    at Object.verifyMAC (/Users/mohsakher/sahm-local/gateway/node_modules/libsignal/src/crypto.js:87:15)
    at SessionCipher.doDecryptWhisperMessage (/Users/mohsakher/sahm-local/gateway/node_modules/libsignal/src/session_cipher.js:250:16)
    at async SessionCipher.decryptWithSessions (/Users/mohsakher/sahm-local/gateway/node_modules/libsignal/src/session_cipher.js:147:29)
    at async 221177964441834.0 [as awaitable] (/Users/mohsakher/sahm-local/gateway/node_modules/libsignal/src/session_cipher.js:171:28)
    at async _asyncQueueExecutor (/Users/mohsakher/sahm-local/gateway/node_modules/libsignal/src/queue_job.js:20:29)
Session error:Error: Bad MAC Error: Bad MAC
    at Object.verifyMAC (/Users/mohsakher/sahm-local/gateway/node_modules/libsignal/src/crypto.js:87:15)
    at SessionCipher.doDecryptWhisperMessage (/Users/mohsakher/sahm-local/gateway/node_modules/libsignal/src/session_cipher.js:250:16)
    at async SessionCipher.decryptWithSessions (/Users/mohsakher/sahm-local/gateway/node_modules/libsignal/src/session_cipher.js:147:29)
    at async 221177964441834.0 [as awaitable] (/Users/mohsakher/sahm-local/gateway/node_modules/libsignal/src/session_cipher.js:171:28)
    at async _asyncQueueExecutor (/Users/mohsakher/sahm-local/gateway/node_modules/libsignal/src/queue_job.js:20:29)
Session error:Error: Bad MAC Error: Bad MAC
    at Object.verifyMAC (/Users/mohsakher/sahm-local/gateway/node_modules/libsignal/src/crypto.js:87:15)
    at SessionCipher.doDecryptWhisperMessage (/Users/mohsakher/sahm-local/gateway/node_modules/libsignal/src/session_cipher.js:250:16)
    at async SessionCipher.decryptWithSessions (/Users/mohsakher/sahm-local/gateway/node_modules/libsignal/src/session_cipher.js:147:29)
    at async 221177964441834.0 [as awaitable] (/Users/mohsakher/sahm-local/gateway/node_modules/libsignal/src/session_cipher.js:171:28)
    at async _asyncQueueExecutor (/Users/mohsakher/sahm-local/gateway/node_modules/libsignal/src/queue_job.js:20:29)
Session error:Error: Bad MAC Error: Bad MAC
    at Object.verifyMAC (/Users/mohsakher/sahm-local/gateway/node_modules/libsignal/src/crypto.js:87:15)
    at SessionCipher.doDecryptWhisperMessage (/Users/mohsakher/sahm-local/gateway/node_modules/libsignal/src/session_cipher.js:250:16)
    at async SessionCipher.decryptWithSessions (/Users/mohsakher/sahm-local/gateway/node_modules/libsignal/src/session_cipher.js:147:29)
    at async 221177964441834.0 [as awaitable] (/Users/mohsakher/sahm-local/gateway/node_modules/libsignal/src/session_cipher.js:171:28)
    at async _asyncQueueExecutor (/Users/mohsakher/sahm-local/gateway/node_modules/libsignal/src/queue_job.js:20:29)
Session error:Error: Bad MAC Error: Bad MAC
    at Object.verifyMAC (/Users/mohsakher/sahm-local/gateway/node_modules/libsignal/src/crypto.js:87:15)
    at SessionCipher.doDecryptWhisperMessage (/Users/mohsakher/sahm-local/gateway/node_modules/libsignal/src/session_cipher.js:250:16)
    at async SessionCipher.decryptWithSessions (/Users/mohsakher/sahm-local/gateway/node_modules/libsignal/src/session_cipher.js:147:29)
    at async 221177964441834.0 [as awaitable] (/Users/mohsakher/sahm-local/gateway/node_modules/libsignal/src/session_cipher.js:171:28)
    at async _asyncQueueExecutor (/Users/mohsakher/sahm-local/gateway/node_modules/libsignal/src/queue_job.js:20:29)
Failed to decrypt message with any known session...
Session error:Error: Bad MAC Error: Bad MAC
    at Object.verifyMAC (/Users/mohsakher/sahm-local/gateway/node_modules/libsignal/src/crypto.js:87:15)
    at SessionCipher.doDecryptWhisperMessage (/Users/mohsakher/sahm-local/gateway/node_modules/libsignal/src/session_cipher.js:250:16)
    at async SessionCipher.decryptWithSessions (/Users/mohsakher/sahm-local/gateway/node_modules/libsignal/src/session_cipher.js:147:29)
    at async 221177964441834.0 [as awaitable] (/Users/mohsakher/sahm-local/gateway/node_modules/libsignal/src/session_cipher.js:171:28)
    at async _asyncQueueExecutor (/Users/mohsakher/sahm-local/gateway/node_modules/libsignal/src/queue_job.js:20:29)
Session error:Error: Bad MAC Error: Bad MAC
    at Object.verifyMAC (/Users/mohsakher/sahm-local/gateway/node_modules/libsignal/src/crypto.js:87:15)
    at SessionCipher.doDecryptWhisperMessage (/Users/mohsakher/sahm-local/gateway/node_modules/libsignal/src/session_cipher.js:250:16)
    at async SessionCipher.decryptWithSessions (/Users/mohsakher/sahm-local/gateway/node_modules/libsignal/src/session_cipher.js:147:29)
    at async 221177964441834.0 [as awaitable] (/Users/mohsakher/sahm-local/gateway/node_modules/libsignal/src/session_cipher.js:171:28)
    at async _asyncQueueExecutor (/Users/mohsakher/sahm-local/gateway/node_modules/libsignal/src/queue_job.js:20:29)
Session error:Error: Bad MAC Error: Bad MAC
    at Object.verifyMAC (/Users/mohsakher/sahm-local/gateway/node_modules/libsignal/src/crypto.js:87:15)
    at SessionCipher.doDecryptWhisperMessage (/Users/mohsakher/sahm-local/gateway/node_modules/libsignal/src/session_cipher.js:250:16)
    at async SessionCipher.decryptWithSessions (/Users/mohsakher/sahm-local/gateway/node_modules/libsignal/src/session_cipher.js:147:29)
    at async 221177964441834.0 [as awaitable] (/Users/mohsakher/sahm-local/gateway/node_modules/libsignal/src/session_cipher.js:171:28)
    at async _asyncQueueExecutor (/Users/mohsakher/sahm-local/gateway/node_modules/libsignal/src/queue_job.js:20:29)
Session error:Error: Bad MAC Error: Bad MAC
    at Object.verifyMAC (/Users/mohsakher/sahm-local/gateway/node_modules/libsignal/src/crypto.js:87:15)
    at SessionCipher.doDecryptWhisperMessage (/Users/mohsakher/sahm-local/gateway/node_modules/libsignal/src/session_cipher.js:250:16)
    at async SessionCipher.decryptWithSessions (/Users/mohsakher/sahm-local/gateway/node_modules/libsignal/src/session_cipher.js:147:29)
    at async 221177964441834.0 [as awaitable] (/Users/mohsakher/sahm-local/gateway/node_modules/libsignal/src/session_cipher.js:171:28)
    at async _asyncQueueExecutor (/Users/mohsakher/sahm-local/gateway/node_modules/libsignal/src/queue_job.js:20:29)
Session error:Error: Bad MAC Error: Bad MAC
    at Object.verifyMAC (/Users/mohsakher/sahm-local/gateway/node_modules/libsignal/src/crypto.js:87:15)
    at SessionCipher.doDecryptWhisperMessage (/Users/mohsakher/sahm-local/gateway/node_modules/libsignal/src/session_cipher.js:250:16)
    at async SessionCipher.decryptWithSessions (/Users/mohsakher/sahm-local/gateway/node_modules/libsignal/src/session_cipher.js:147:29)
    at async 221177964441834.0 [as awaitable] (/Users/mohsakher/sahm-local/gateway/node_modules/libsignal/src/session_cipher.js:171:28)
    at async _asyncQueueExecutor (/Users/mohsakher/sahm-local/gateway/node_modules/libsignal/src/queue_job.js:20:29)
Session error:Error: Bad MAC Error: Bad MAC
    at Object.verifyMAC (/Users/mohsakher/sahm-local/gateway/node_modules/libsignal/src/crypto.js:87:15)
    at SessionCipher.doDecryptWhisperMessage (/Users/mohsakher/sahm-local/gateway/node_modules/libsignal/src/session_cipher.js:250:16)
    at async SessionCipher.decryptWithSessions (/Users/mohsakher/sahm-local/gateway/node_modules/libsignal/src/session_cipher.js:147:29)
    at async 221177964441834.0 [as awaitable] (/Users/mohsakher/sahm-local/gateway/node_modules/libsignal/src/session_cipher.js:171:28)
    at async _asyncQueueExecutor (/Users/mohsakher/sahm-local/gateway/node_modules/libsignal/src/queue_job.js:20:29)
Session error:Error: Bad MAC Error: Bad MAC
    at Object.verifyMAC (/Users/mohsakher/sahm-local/gateway/node_modules/libsignal/src/crypto.js:87:15)
    at SessionCipher.doDecryptWhisperMessage (/Users/mohsakher/sahm-local/gateway/node_modules/libsignal/src/session_cipher.js:250:16)
    at async SessionCipher.decryptWithSessions (/Users/mohsakher/sahm-local/gateway/node_modules/libsignal/src/session_cipher.js:147:29)
    at async 221177964441834.0 [as awaitable] (/Users/mohsakher/sahm-local/gateway/node_modules/libsignal/src/session_cipher.js:171:28)
    at async _asyncQueueExecutor (/Users/mohsakher/sahm-local/gateway/node_modules/libsignal/src/queue_job.js:20:29)
Session error:Error: Bad MAC Error: Bad MAC
    at Object.verifyMAC (/Users/mohsakher/sahm-local/gateway/node_modules/libsignal/src/crypto.js:87:15)
    at SessionCipher.doDecryptWhisperMessage (/Users/mohsakher/sahm-local/gateway/node_modules/libsignal/src/session_cipher.js:250:16)
    at async SessionCipher.decryptWithSessions (/Users/mohsakher/sahm-local/gateway/node_modules/libsignal/src/session_cipher.js:147:29)
    at async 221177964441834.0 [as awaitable] (/Users/mohsakher/sahm-local/gateway/node_modules/libsignal/src/session_cipher.js:171:28)
    at async _asyncQueueExecutor (/Users/mohsakher/sahm-local/gateway/node_modules/libsignal/src/queue_job.js:20:29)
Session error:Error: Bad MAC Error: Bad MAC
    at Object.verifyMAC (/Users/mohsakher/sahm-local/gateway/node_modules/libsignal/src/crypto.js:87:15)
    at SessionCipher.doDecryptWhisperMessage (/Users/mohsakher/sahm-local/gateway/node_modules/libsignal/src/session_cipher.js:250:16)
    at async SessionCipher.decryptWithSessions (/Users/mohsakher/sahm-local/gateway/node_modules/libsignal/src/session_cipher.js:147:29)
    at async 221177964441834.0 [as awaitable] (/Users/mohsakher/sahm-local/gateway/node_modules/libsignal/src/session_cipher.js:171:28)
    at async _asyncQueueExecutor (/Users/mohsakher/sahm-local/gateway/node_modules/libsignal/src/queue_job.js:20:29)
Session error:Error: Bad MAC Error: Bad MAC
    at Object.verifyMAC (/Users/mohsakher/sahm-local/gateway/node_modules/libsignal/src/crypto.js:87:15)
    at SessionCipher.doDecryptWhisperMessage (/Users/mohsakher/sahm-local/gateway/node_modules/libsignal/src/session_cipher.js:250:16)
    at async SessionCipher.decryptWithSessions (/Users/mohsakher/sahm-local/gateway/node_modules/libsignal/src/session_cipher.js:147:29)
    at async 221177964441834.0 [as awaitable] (/Users/mohsakher/sahm-local/gateway/node_modules/libsignal/src/session_cipher.js:171:28)
    at async _asyncQueueExecutor (/Users/mohsakher/sahm-local/gateway/node_modules/libsignal/src/queue_job.js:20:29)
Session error:Error: Bad MAC Error: Bad MAC
    at Object.verifyMAC (/Users/mohsakher/sahm-local/gateway/node_modules/libsignal/src/crypto.js:87:15)
    at SessionCipher.doDecryptWhisperMessage (/Users/mohsakher/sahm-local/gateway/node_modules/libsignal/src/session_cipher.js:250:16)
    at async SessionCipher.decryptWithSessions (/Users/mohsakher/sahm-local/gateway/node_modules/libsignal/src/session_cipher.js:147:29)
    at async 221177964441834.0 [as awaitable] (/Users/mohsakher/sahm-local/gateway/node_modules/libsignal/src/session_cipher.js:171:28)
    at async _asyncQueueExecutor (/Users/mohsakher/sahm-local/gateway/node_modules/libsignal/src/queue_job.js:20:29)
Session error:Error: Bad MAC Error: Bad MAC
    at Object.verifyMAC (/Users/mohsakher/sahm-local/gateway/node_modules/libsignal/src/crypto.js:87:15)
    at SessionCipher.doDecryptWhisperMessage (/Users/mohsakher/sahm-local/gateway/node_modules/libsignal/src/session_cipher.js:250:16)
    at async SessionCipher.decryptWithSessions (/Users/mohsakher/sahm-local/gateway/node_modules/libsignal/src/session_cipher.js:147:29)
    at async 221177964441834.0 [as awaitable] (/Users/mohsakher/sahm-local/gateway/node_modules/libsignal/src/session_cipher.js:171:28)
    at async _asyncQueueExecutor (/Users/mohsakher/sahm-local/gateway/node_modules/libsignal/src/queue_job.js:20:29)
Closing open session in favor of incoming prekey bundle
Closing session: SessionEntry {
  _chains: {
    'BdB5FK5kaYP6rCe9emJioMLVdwwKbYCAi1vMw/zLsrAZ': { chainKey: [Object], chainType: 2, messageKeys: {} },
    'BYEeQv6SKooIIwqaMOIcaiDMAiQhBCUBBZDX/cCb54xZ': { chainKey: [Object], chainType: 1, messageKeys: {} }
  },
  registrationId: 980418280,
  currentRatchet: {
    ephemeralKeyPair: {
      pubKey: <Buffer 05 81 1e 42 fe 92 2a 8a 08 23 0a 9a 30 e2 1c 6a 20 cc 02 24 21 04 25 01 05 90 d7 fd c0 9b e7 8c 59>,
      privKey: <Buffer 90 7a dd 75 b7 84 1f a3 fd 68 3e 68 7f b0 4b 9c 13 b7 9b fd 52 6a 4b 65 20 c7 9d 21 34 11 e5 7e>
    },
    lastRemoteEphemeralKey: <Buffer 05 d0 79 14 ae 64 69 83 fa ac 27 bd 7a 62 62 a0 c2 d5 77 0c 0a 6d 80 80 8b 5b cc c3 fc cb b2 b0 19>,
    previousCounter: 0,
    rootKey: <Buffer de a5 5b 42 36 aa 6d 9a 46 86 b9 1a 20 da 95 4d c4 2e a3 47 b9 33 15 84 40 52 98 e7 86 42 61 a7>
  },
  indexInfo: {
    baseKey: <Buffer 05 10 75 a5 b8 a5 79 84 5e 14 a0 b3 b9 a5 44 e1 a9 32 76 be 5d e3 40 18 54 6d 57 f0 49 55 d1 52 07>,
    baseKeyType: 2,
    closed: -1,
    used: 1783264309137,
    created: 1783264309137,
    remoteIdentityKey: <Buffer 05 55 56 89 3f ab be 02 ef 49 2b 15 37 e0 5c 7f 9b fd 7b 78 c3 aa 68 09 16 eb 03 6b c8 52 85 e0 62>
  }
}
[01:03:16] تجاهل رسالة من محادثة غير مسموحة: 34755043151877@lid
[01:31:27] تجاهل رسالة من محادثة غير مسموحة: 34755043151877@lid
[01:46:48] تجاهل رسالة من محادثة غير مسموحة: 34755043151877@lid
[01:53:03] ⚠️ انقطع الاتصال (500) — إعادة محاولة بعد 5 ثوانٍ…
[01:53:09] ✅ متصل بواتساب: 966559653465@s.whatsapp.net (lid: 221177964441834@lid)
[01:55:34] تجاهل رسالة من محادثة غير مسموحة: 34755043151877@lid
[01:59:17] 📤 أُرسلت رسالة عبر واجهة المنصة إلى 966559653465@s.whatsapp.net
Closing session: SessionEntry {
  _chains: {
    'BcASHO86e/tPeNwD0lxfU/gtm4YNmDMMHVCQdJFSdyEF': { chainKey: [Object], chainType: 1, messageKeys: {} }
  },
  registrationId: 791,
  currentRatchet: {
    ephemeralKeyPair: {
      pubKey: <Buffer 05 c0 12 1c ef 3a 7b fb 4f 78 dc 03 d2 5c 5f 53 f8 2d 9b 86 0d 98 33 0c 1d 50 90 74 91 52 77 21 05>,
      privKey: <Buffer 10 01 0c 5f 9f ca 5f 90 23 7a c1 5b 84 36 f1 42 9b e2 30 a4 83 8b 87 48 bb 86 ef b9 ad f7 d9 77>
    },
    lastRemoteEphemeralKey: <Buffer 05 13 ef 3f 2c 3d 0b e4 c4 13 25 bd ff 41 b0 5e 2d 66 af 58 e9 84 c1 59 33 46 55 c1 a5 c9 b3 b8 4f>,
    previousCounter: 0,
    rootKey: <Buffer c6 a8 50 f0 a7 67 cf 42 e6 1b e1 c4 7e e3 b3 1f bb 9a 01 5f f9 85 71 46 f2 51 ea 79 82 33 1c 0b>
  },
  indexInfo: {
    baseKey: <Buffer 05 56 d9 af 28 9b e8 d9 99 99 1d 66 95 8f 8a 30 9b 26 02 ee f7 b4 17 8f 79 b2 e0 ea 67 46 99 42 56>,
    baseKeyType: 1,
    closed: -1,
    used: 1783197349408,
    created: 1783197349408,
    remoteIdentityKey: <Buffer 05 aa d1 16 f9 19 b8 cc 5c 13 38 d0 df b3 40 f9 3d cf dc d8 67 a1 5f 29 0c 7e 0e 24 09 69 01 ee 69>
  },
  pendingPreKey: {
    signedKeyId: 1,
    baseKey: <Buffer 05 56 d9 af 28 9b e8 d9 99 99 1d 66 95 8f 8a 30 9b 26 02 ee f7 b4 17 8f 79 b2 e0 ea 67 46 99 42 56>,
    preKeyId: 415
  }
}
Closing session: SessionEntry {
  _chains: {
    BaISySM6rAh5WmfikIO8nmMpaVvkvSgwKrRu2KV5AoR7: { chainKey: [Object], chainType: 2, messageKeys: {} },
    BTWOhRTwyEHTC2DB4ct8hfvsvijbELWG2lBsdhVcyAVQ: { chainKey: [Object], chainType: 1, messageKeys: {} }
  },
  registrationId: 2103260214,
  currentRatchet: {
    ephemeralKeyPair: {
      pubKey: <Buffer 05 35 8e 85 14 f0 c8 41 d3 0b 60 c1 e1 cb 7c 85 fb ec be 28 db 10 b5 86 da 50 6c 76 15 5c c8 05 50>,
      privKey: <Buffer 58 ea b4 81 0b ba 3c 5a b8 2c e8 9e 7f 42 bb 5a 68 43 63 bd 0d f5 eb df a3 44 bd 03 28 f3 1d 50>
    },
    lastRemoteEphemeralKey: <Buffer 05 a2 12 c9 23 3a ac 08 79 5a 67 e2 90 83 bc 9e 63 29 69 5b e4 bd 28 30 2a b4 6e d8 a5 79 02 84 7b>,
    previousCounter: 0,
    rootKey: <Buffer 48 f7 3b b2 47 3e f1 0b f5 a3 d1 e9 37 b6 75 55 1e 8f c1 f4 73 04 ef 13 a0 99 48 cc 88 74 9a 3e>
  },
  indexInfo: {
    baseKey: <Buffer 05 4a e6 10 6b f1 e7 e8 56 e2 f5 be 2f c8 44 bf 54 42 b7 c9 38 8f 57 1c 31 a2 ea 8d 2e 92 81 98 50>,
    baseKeyType: 2,
    closed: -1,
    used: 1783246584016,
    created: 1783246584016,
    remoteIdentityKey: <Buffer 05 78 7b e5 92 c8 ec ca 02 a8 8d a3 67 a2 67 aa fc 14 e2 4f 60 2c b9 80 d5 52 27 76 7a a4 45 07 1e>
  }
}
Closing session: SessionEntry {
  _chains: {
    'BZriQPWESOmNboy4n8Z0FSpPfI3OBg47gu4mU+eJnchN': { chainKey: [Object], chainType: 2, messageKeys: {} },
    'BQUH17Nx7vHGzB287/TUPA1yqTPFmFbe69HyK2cP/INb': { chainKey: [Object], chainType: 1, messageKeys: {} }
  },
  registrationId: 980418280,
  currentRatchet: {
    ephemeralKeyPair: {
      pubKey: <Buffer 05 05 07 d7 b3 71 ee f1 c6 cc 1d bc ef f4 d4 3c 0d 72 a9 33 c5 98 56 de eb d1 f2 2b 67 0f fc 83 5b>,
      privKey: <Buffer e0 f5 b6 8f 7f 16 0b 36 71 c0 e6 ff 7a fd 43 12 06 8b 99 0b 10 10 02 6d e8 32 a0 59 3f cd b0 4e>
    },
    lastRemoteEphemeralKey: <Buffer 05 9a e2 40 f5 84 48 e9 8d 6e 8c b8 9f c6 74 15 2a 4f 7c 8d ce 06 0e 3b 82 ee 26 53 e7 89 9d c8 4d>,
    previousCounter: 0,
    rootKey: <Buffer 4b 61 00 a6 54 df 3f 1b 6f 09 1c 13 e9 fe a6 41 7c 75 7d 45 19 04 69 3f cf 15 e8 97 d4 fb 2a 72>
  },
  indexInfo: {
    baseKey: <Buffer 05 ff 18 da 4a 23 87 02 05 47 aa 2d 47 45 05 c0 20 93 47 5c 83 b1 e0 60 b7 79 59 a0 fe 91 1a d2 49>,
    baseKeyType: 2,
    closed: -1,
    used: 1783270996183,
    created: 1783270996183,
    remoteIdentityKey: <Buffer 05 55 56 89 3f ab be 02 ef 49 2b 15 37 e0 5c 7f 9b fd 7b 78 c3 aa 68 09 16 eb 03 6b c8 52 85 e0 62>
  }
}
Closing session: SessionEntry {
  _chains: {
    'BfHP7Vcu0DsZZHFpoW5+heXF9mTTlqeNa4lwNFTcvIxl': { chainKey: [Object], chainType: 1, messageKeys: {} }
  },
  registrationId: 980418280,
  currentRatchet: {
    ephemeralKeyPair: {
      pubKey: <Buffer 05 f1 cf ed 57 2e d0 3b 19 64 71 69 a1 6e 7e 85 e5 c5 f6 64 d3 96 a7 8d 6b 89 70 34 54 dc bc 8c 65>,
      privKey: <Buffer d8 77 c5 81 27 09 26 5b 9f 98 ca c3 d0 17 32 01 0e e3 23 01 93 88 5a 87 a1 7f 31 93 29 5c c0 66>
    },
    lastRemoteEphemeralKey: <Buffer 05 d6 b3 b8 02 bc c1 39 36 2a 17 d0 bd fc 2c 99 9c f8 48 b2 ad 47 22 c5 40 77 e5 2e 84 dd ac 27 02>,
    previousCounter: 0,
    rootKey: <Buffer cc 0d 94 f6 93 14 0b f5 fc 02 bd 70 86 08 96 82 7d 0a 65 ba 18 4f 0f 56 09 69 78 d5 84 a3 c2 28>
  },
  indexInfo: {
    baseKey: <Buffer 05 92 4f c9 10 ac a7 72 56 98 54 eb a2 07 74 22 34 8c 9a 49 05 95 76 14 bd b3 1a 61 65 75 78 bc 31>,
    baseKeyType: 1,
    closed: -1,
    used: 1783274359499,
    created: 1783274359499,
    remoteIdentityKey: <Buffer 05 55 56 89 3f ab be 02 ef 49 2b 15 37 e0 5c 7f 9b fd 7b 78 c3 aa 68 09 16 eb 03 6b c8 52 85 e0 62>
  },
  pendingPreKey: {
    signedKeyId: 12407264,
    baseKey: <Buffer 05 92 4f c9 10 ac a7 72 56 98 54 eb a2 07 74 22 34 8c 9a 49 05 95 76 14 bd b3 1a 61 65 75 78 bc 31>,
    preKeyId: 3750
  }
}
[02:13:19] تجاهل رسالة من محادثة غير مسموحة: 170849655078999@lid
